<?xml version="1.0" encoding="UTF-8"?>
<testng-results skipped="0" failed="0" total="1" passed="1">
  <reporter-output>
  </reporter-output>
  <suite name="Default suite" duration-ms="47" started-at="2019-11-16T15:48:22Z" finished-at="2019-11-16T15:48:22Z">
    <groups>
    </groups>
    <test name="Default test" duration-ms="47" started-at="2019-11-16T15:48:22Z" finished-at="2019-11-16T15:48:22Z">
      <class name="TestNg.sample">
        <test-method status="PASS" signature="f()[pri:0, instance:TestNg.sample@9d9c55]" name="f" duration-ms="20" started-at="2019-11-16T21:18:22Z" finished-at="2019-11-16T21:18:22Z">
          <reporter-output>
          </reporter-output>
        </test-method> <!-- f -->
      </class> <!-- TestNg.sample -->
    </test> <!-- Default test -->
  </suite> <!-- Default suite -->
</testng-results>
